2019-06-03 12:01:48.016  INFO 8396 --- [restartedMain] com.example.test.TestApplication         : Starting TestApplication on PC-20180502WKWS with PID 8396 (F:\mycode\target\classes started by Administrator in F:\mycode)
2019-06-03 12:01:48.018  INFO 8396 --- [restartedMain] com.example.test.TestApplication         : No active profile set, falling back to default profiles: default
2019-06-03 12:01:48.679  INFO 8396 --- [restartedMain] ConfigServletWebServerApplicationContext : Refreshing org.springframework.boot.web.servlet.context.AnnotationConfigServletWebServerApplicationContext@5e126517: startup date [Mon Jun 03 12:01:48 CST 2019]; root of context hierarchy
2019-06-03 12:01:49.740  INFO 8396 --- [restartedMain] o.s.b.f.s.DefaultListableBeanFactory     : Overriding bean definition for bean 'dataSource' with a different definition: replacing [Root bean: class [null]; scope=; abstract=false; lazyInit=false; autowireMode=3; dependencyCheck=0; autowireCandidate=true; primary=false; factoryBeanName=org.springframework.boot.autoconfigure.jdbc.DataSourceConfiguration$Generic; factoryMethodName=dataSource; initMethodName=null; destroyMethodName=(inferred); defined in class path resource [org/springframework/boot/autoconfigure/jdbc/DataSourceConfiguration$Generic.class]] with [Root bean: class [null]; scope=; abstract=false; lazyInit=false; autowireMode=3; dependencyCheck=0; autowireCandidate=true; primary=false; factoryBeanName=org.springframework.boot.autoconfigure.jdbc.DataSourceConfiguration$Hikari; factoryMethodName=dataSource; initMethodName=null; destroyMethodName=(inferred); defined in class path resource [org/springframework/boot/autoconfigure/jdbc/DataSourceConfiguration$Hikari.class]]
2019-06-03 12:01:49.887  INFO 8396 --- [restartedMain] .s.d.r.c.RepositoryConfigurationDelegate : Multiple Spring Data modules found, entering strict repository configuration mode!
2019-06-03 12:01:50.255  INFO 8396 --- [restartedMain] f.a.AutowiredAnnotationBeanPostProcessor : JSR-330 'javax.inject.Inject' annotation found and supported for autowiring
2019-06-03 12:01:51.082  INFO 8396 --- [restartedMain] o.s.b.w.embedded.tomcat.TomcatWebServer  : Tomcat initialized with port(s): 8080 (http)
2019-06-03 12:01:51.106  INFO 8396 --- [restartedMain] o.apache.catalina.core.StandardService   : Starting service [Tomcat]
2019-06-03 12:01:51.107  INFO 8396 --- [restartedMain] org.apache.catalina.core.StandardEngine  : Starting Servlet Engine: Apache Tomcat/8.5.31
2019-06-03 12:01:51.132  INFO 8396 --- [localhost-startStop-1] o.a.catalina.core.AprLifecycleListener   : The APR based Apache Tomcat Native library which allows optimal performance in production environments was not found on the java.library.path: [D:\java\bin;C:\Windows\Sun\Java\bin;C:\Windows\system32;C:\Windows;C:\Program Files (x86)\Common Files\Oracle\Java\javapath;C:\Program Files (x86)\Intel\Intel(R) Management Engine Components\iCLS\;C:\Program Files\Intel\Intel(R) Management Engine Components\iCLS\;C:\Windows\system32;C:\Windows;C:\Windows\System32\Wbem;C:\Windows\System32\WindowsPowerShell\v1.0\;C:\Program Files (x86)\Intel\Intel(R) Management Engine Components\DAL;C:\Program Files\Intel\Intel(R) Management Engine Components\DAL;C:\Program Files (x86)\Intel\Intel(R) Management Engine Components\IPT;C:\Program Files\Intel\Intel(R) Management Engine Components\IPT;D:\javabin;D:\Git\cmd;D:\apache-maven-3.5.3\bin\;D:\curl\src\;D:\cygwin\bin;D:\ant\apache-ant-1.10.4\bin;D:\python;C:\Program Files\PuTTY\;D:\scala\scala-2.10.5\bin;D:\hadoop\hadoop-2.6.5\bin;D:\spark\spark-1.6.0-bin-hadoop2.6\bin;D:\sbt\bin;D:\python\Scripts\;D:\python\;C:\Users\Administrator\AppData\Local\Programs\Fiddler;.]
2019-06-03 12:01:51.302  INFO 8396 --- [localhost-startStop-1] o.a.c.c.C.[Tomcat].[localhost].[/]       : Initializing Spring embedded WebApplicationContext
2019-06-03 12:01:51.303  INFO 8396 --- [localhost-startStop-1] o.s.web.context.ContextLoader            : Root WebApplicationContext: initialization completed in 2624 ms
2019-06-03 12:01:51.354  INFO 8396 --- [localhost-startStop-1] jersey-logger                            : jersey config 
2019-06-03 12:01:51.494  INFO 8396 --- [localhost-startStop-1] org.reflections.Reflections              : Reflections took 53 ms to scan 1 urls, producing 25 keys and 45 values 
2019-06-03 12:01:51.826  INFO 8396 --- [localhost-startStop-1] o.s.b.w.servlet.FilterRegistrationBean   : Mapping filter: 'characterEncodingFilter' to: [/*]
2019-06-03 12:01:51.826  INFO 8396 --- [localhost-startStop-1] o.s.b.w.servlet.FilterRegistrationBean   : Mapping filter: 'requestContextFilter' to: [/*]
2019-06-03 12:01:51.827  INFO 8396 --- [localhost-startStop-1] o.s.b.w.servlet.ServletRegistrationBean  : Servlet com.example.test.config.JerseyConfig mapped to [/*]
2019-06-03 12:01:52.858  WARN 8396 --- [restartedMain] o.s.data.convert.CustomConversions       : Registering converter from class org.joda.time.LocalDateTime to class java.time.LocalDateTime as reading converter although it doesn't convert from a store-supported type! You might wanna check you annotation setup at the converter implementation.
2019-06-03 12:01:52.878  WARN 8396 --- [restartedMain] o.s.data.convert.CustomConversions       : Registering converter from class org.joda.time.LocalDateTime to class java.time.LocalDateTime as reading converter although it doesn't convert from a store-supported type! You might wanna check you annotation setup at the converter implementation.
2019-06-03 12:01:52.889  WARN 8396 --- [restartedMain] o.s.data.convert.CustomConversions       : Registering converter from class org.joda.time.LocalDateTime to class java.time.LocalDateTime as reading converter although it doesn't convert from a store-supported type! You might wanna check you annotation setup at the converter implementation.
2019-06-03 12:01:53.255  INFO 8396 --- [restartedMain] o.s.b.d.a.OptionalLiveReloadServer       : LiveReload server is running on port 35729
2019-06-03 12:01:53.329  INFO 8396 --- [restartedMain] o.s.j.e.a.AnnotationMBeanExporter        : Registering beans for JMX exposure on startup
2019-06-03 12:01:53.330  INFO 8396 --- [restartedMain] o.s.j.e.a.AnnotationMBeanExporter        : Bean with name 'dataSource' has been autodetected for JMX exposure
2019-06-03 12:01:53.334  INFO 8396 --- [restartedMain] o.s.j.e.a.AnnotationMBeanExporter        : Located MBean 'dataSource': registering with JMX server as MBean [com.zaxxer.hikari:name=dataSource,type=HikariDataSource]
2019-06-03 12:01:53.392  INFO 8396 --- [restartedMain] o.s.b.w.embedded.tomcat.TomcatWebServer  : Tomcat started on port(s): 8080 (http) with context path ''
2019-06-03 12:01:53.396  INFO 8396 --- [restartedMain] com.example.test.TestApplication         : Started TestApplication in 6.092 seconds (JVM running for 7.576)
2019-06-03 12:02:04.616  INFO 8396 --- [http-nio-8080-exec-2] org.reflections.Reflections              : Reflections took 4 ms to scan 1 urls, producing 25 keys and 45 values 
